<?xml version="1.0" encoding="UTF-8"?>
<!-- Generated by org.testng.reporters.JUnitReportReporter -->
<testsuite hostname="LAPTOP-E8JB5R18" failures="0" tests="1" name="com.dipali.org.myname.Amezon_Edge" time="15.374" errors="0" timestamp="2024-10-27T10:57:20 IST" skipped="0">
  <testcase classname="com.dipali.org.myname.Amezon_Edge" name="HomepageCheck" time="15.374"/>
  <system-out/>
</testsuite> <!-- com.dipali.org.myname.Amezon_Edge -->
