<?xml version="1.0" encoding="UTF-8"?>
<!-- Generated by org.testng.reporters.JUnitReportReporter -->
<testsuite hostname="LAPTOP-E8JB5R18" failures="0" tests="1" name="com.dipali.org.myname.Amaezon_Chrome" time="14.690" errors="0" timestamp="2024-10-27T10:57:20 IST" skipped="0">
  <testcase classname="com.dipali.org.myname.Amaezon_Chrome" name="Homepagein" time="14.690"/>
  <system-out/>
</testsuite> <!-- com.dipali.org.myname.Amaezon_Chrome -->
