<?xml version="1.0" encoding="UTF-8"?>
<!-- Generated by org.testng.reporters.JUnitReportReporter -->
<testsuite hostname="LAPTOP-E8JB5R18" failures="0" tests="3" name="com.dipali.org.myname.AmezoneShoping" time="30.585" errors="0" timestamp="2024-10-27T09:26:25 IST" skipped="0">
  <testcase classname="com.dipali.org.myname.AmezoneShoping" name="setUp" time="7.782"/>
  <system-out/>
  <testcase classname="com.dipali.org.myname.AmezoneShoping" name="setUp" time="13.615"/>
  <system-out/>
  <testcase classname="com.dipali.org.myname.AmezoneShoping" name="setUp" time="9.188"/>
  <system-out/>
</testsuite> <!-- com.dipali.org.myname.AmezoneShoping -->
